bdvanceswitch/build/intermediates/manifest_merge_blame_file/debug/manifest-merger-blame-debug-report.txt
1<?xml version="1.0" encoding="utf-8"?>
2<manifest xmlns:android="http://schemas.android.com/apk/res/android"
3    xmlns:tools="http://schemas.android.com/tools"
4    package="com.superadtech.modids" >
5
6    <uses-sdk
7        android:minSdkVersion="21"
7-->src\main\AndroidManifest.xml
8        android:targetSdkVersion="33" />
8-->src\main\AndroidManifest.xml
9
10    <uses-permission android:name="android.permission.INTERNET" />
10-->src\main\AndroidManifest.xml:6:5-67
10-->src\main\AndroidManifest.xml:6:22-64
11    <uses-permission android:name="android.permission.ACCESS_NETWORK_STATE" />
11-->src\main\AndroidManifest.xml:7:5-79
11-->src\main\AndroidManifest.xml:7:22-76
12    <uses-permission android:name="android.permission.ACCESS_WIFI_STATE" />
12-->src\main\AndroidManifest.xml:8:5-76
12-->src\main\AndroidManifest.xml:8:22-73
13    <uses-permission android:name="com.google.android.gms.permission.AD_ID" />
13-->src\main\AndroidManifest.xml:9:5-78
13-->src\main\AndroidManifest.xml:9:22-76
14    <uses-permission android:name="android.permission.BLUETOOTH" />
14-->src\main\AndroidManifest.xml:10:5-68
14-->src\main\AndroidManifest.xml:10:22-65
15    <uses-permission android:name="android.permission.BLUETOOTH_ADMIN" />
15-->src\main\AndroidManifest.xml:11:5-74
15-->src\main\AndroidManifest.xml:11:22-71
16    <uses-permission android:name="android.permission.CHANGE_WIFI_STATE" />
16-->src\main\AndroidManifest.xml:12:5-76
16-->src\main\AndroidManifest.xml:12:22-73
17    <uses-permission android:name="android.permission.WRITE_SYNC_SETTINGS" />
17-->src\main\AndroidManifest.xml:13:5-78
17-->src\main\AndroidManifest.xml:13:22-75
18    <uses-permission android:name="com.google.android.finsky.permission.BIND_GET_INSTALL_REFERRER_SERVICE" />
18-->src\main\AndroidManifest.xml:14:5-110
18-->src\main\AndroidManifest.xml:14:22-107
19
20    <application
20-->src\main\AndroidManifest.xml:16:5-58:19
21        android:name="com.superadtech.modids.Applicationclass"
21-->src\main\AndroidManifest.xml:17:9-63
22        android:allowBackup="true"
22-->src\main\AndroidManifest.xml:18:9-35
23        android:icon="@drawable/logo"
23-->src\main\AndroidManifest.xml:19:9-38
24        android:label="@string/app_name"
24-->src\main\AndroidManifest.xml:20:9-41
25        android:roundIcon="@drawable/logo"
25-->src\main\AndroidManifest.xml:22:9-43
26        android:supportsRtl="true"
26-->src\main\AndroidManifest.xml:23:9-35
27        android:usesCleartextTraffic="true"
27-->src\main\AndroidManifest.xml:21:9-44
28        tools:targetApi="m" >
28-->src\main\AndroidManifest.xml:24:9-28
29        <meta-data
29-->src\main\AndroidManifest.xml:26:9-28:36
30            android:name="com.google.android.gms.ads.AD_MANAGER_APP"
30-->src\main\AndroidManifest.xml:27:13-69
31            android:value="true" />
31-->src\main\AndroidManifest.xml:28:13-33
32        <meta-data
32-->src\main\AndroidManifest.xml:30:9-32:69
33            android:name="com.google.android.gms.ads.APPLICATION_ID"
33-->src\main\AndroidManifest.xml:31:13-69
34            android:value="ca-app-pub-3940256099942544~3347511713" />
34-->src\main\AndroidManifest.xml:32:13-67
35
36        <activity
36-->src\main\AndroidManifest.xml:34:9-36:59
37            android:name="com.superadtech.modids.Top.MasterX"
37-->src\main\AndroidManifest.xml:35:13-40
38            android:theme="@style/AppTheme.Transparent" />
38-->src\main\AndroidManifest.xml:36:13-56
39        <activity
39-->src\main\AndroidManifest.xml:38:9-40:59
40            android:name="com.superadtech.modids.Top.MasterX_Feature"
40-->src\main\AndroidManifest.xml:39:13-48
41            android:theme="@style/AppTheme.Transparent" />
41-->src\main\AndroidManifest.xml:40:13-56
42        <activity
42-->src\main\AndroidManifest.xml:42:9-47:52
43            android:name="top.oneconnectapi.app.DisconnectVPNActivity"
43-->src\main\AndroidManifest.xml:43:13-71
44            android:excludeFromRecents="true"
44-->src\main\AndroidManifest.xml:44:13-46
45            android:noHistory="true"
45-->src\main\AndroidManifest.xml:45:13-37
46            android:taskAffinity=".DisconnectVPN"
46-->src\main\AndroidManifest.xml:46:13-50
47            android:theme="@style/blinkt.dialog" />
47-->src\main\AndroidManifest.xml:47:13-49
48
49        <service
49-->src\main\AndroidManifest.xml:49:9-56:19
50            android:name="top.oneconnectapi.app.core.OpenVPNService"
50-->src\main\AndroidManifest.xml:50:13-69
51            android:exported="true"
51-->src\main\AndroidManifest.xml:51:13-36
52            android:permission="android.permission.BIND_VPN_SERVICE" >
52-->src\main\AndroidManifest.xml:52:13-69
53            <intent-filter>
53-->src\main\AndroidManifest.xml:53:13-55:29
54                <action android:name="android.net.VpnService" />
54-->src\main\AndroidManifest.xml:54:17-65
54-->src\main\AndroidManifest.xml:54:25-62
55            </intent-filter>
56        </service>
57    </application>
58
59</manifest>